Live reload server started on port: 35729
Press CTRL+C to quit ...

[0;36minfo:[0m 43 plugins are installed 
[0;36minfo:[0m 26 explicitly listed 
[0;36minfo:[0m loading plugin "expandable-chapters"... [0;32mOK[0m 
[0;36minfo:[0m loading plugin "back-to-top-button"... [0;32mOK[0m 
[0;36minfo:[0m loading plugin "page-treeview"... [0;32mOK[0m 
[0;36minfo:[0m loading plugin "fontsettings"... [0;32mOK[0m 
[0;36minfo:[0m loading plugin "klipse"... [0;32mOK[0m 
[0;36minfo:[0m loading plugin "search-pro"... [0;32mOK[0m 
[0;36minfo:[0m loading plugin "favicon"... [0;32mOK[0m 
[0;36minfo:[0m loading plugin "pageview-count"... [0;32mOK[0m 
[0;36minfo:[0m loading plugin "code"... [0;32mOK[0m 
[0;36minfo:[0m loading plugin "auto-scroll-table"... [0;32mOK[0m 
[0;36minfo:[0m loading plugin "anchors"... [0;32mOK[0m 
[0;36minfo:[0m loading plugin "hide-element"... [0;32mOK[0m 
[0;36minfo:[0m loading plugin "advanced-emoji"... [0;32mOK[0m 
[0;36minfo:[0m loading plugin "tbfed-pagefooter"... [0;32mOK[0m 
[0;36minfo:[0m loading plugin "github"... [0;32mOK[0m 
[0;36minfo:[0m loading plugin "github-buttons"... [0;32mOK[0m 
[0;36minfo:[0m loading plugin "emphasize"... [0;32mOK[0m 
[0;36minfo:[0m loading plugin "splitter"... [0;32mOK[0m 
[0;36minfo:[0m loading plugin "sharing-plus"... [0;32mOK[0m 
[0;36minfo:[0m loading plugin "sectionx"... [0;32mOK[0m 
[0;36minfo:[0m loading plugin "simple-page-toc"... [0;32mOK[0m 
[0;36minfo:[0m loading plugin "alerts"... [0;32mOK[0m 
[0;36minfo:[0m loading plugin "click-reveal"... [0;32mOK[0m 
[0;36minfo:[0m loading plugin "accordion"... [0;32mOK[0m 
[0;36minfo:[0m loading plugin "theme-default"... [0;32mOK[0m 
[0;36minfo:[0m found 69 pages 
[0;36minfo:[0m found 3 asset files 
[0;33mwarn:[0m "options" property is deprecated, use config.get(key) instead 
[0;36minfo:[0m [0;32m>> [0mgeneration finished with success in 8.1s ! 

Starting server ...
Serving book on http://localhost:8000
